<?xml version="1.0" encoding="UTF-8"?>
<!-- Generated by org.testng.reporters.JUnitReportReporter -->
<testsuite skipped="0" hostname="B15-IT-C22642" name="com.intraloginTestCases.LastMailDelivery_COD_UTILITY_TC_003" tests="1" failures="0" timestamp="2021-01-29T15:42:53 IST" time="29.949" errors="0">
  <testcase name="CodMasterUtility" time="29.949" classname="com.intraloginTestCases.LastMailDelivery_COD_UTILITY_TC_003"/>
  <system-out/>
</testsuite> <!-- com.intraloginTestCases.LastMailDelivery_COD_UTILITY_TC_003 -->
