<?xml version="1.0" encoding="UTF-8"?>
<!-- Generated by org.testng.reporters.JUnitReportReporter -->
<testsuite skipped="0" hostname="B15-IT-C22642" name="com.intraloginTestCases.LoginToIntranet_TC_001" tests="1" failures="0" timestamp="2021-01-25T17:07:33 IST" time="8.292" errors="0">
  <testcase name="loginTointranet" time="8.292" classname="com.intraloginTestCases.LoginToIntranet_TC_001"/>
  <system-out/>
</testsuite> <!-- com.intraloginTestCases.LoginToIntranet_TC_001 -->
