<?xml version="1.0" encoding="UTF-8"?>
<!-- Generated by org.testng.reporters.JUnitReportReporter -->
<testsuite skipped="0" hostname="B15-IT-C22642" name="practice.GroupingOfTestcases" tests="4" failures="0" timestamp="2021-02-08T11:02:00 IST" time="0.018" errors="0">
  <testcase name="test1" time="0.012" classname="practice.GroupingOfTestcases"/>
  <system-out/>
  <testcase name="test5" time="0.002" classname="practice.GroupingOfTestcases"/>
  <system-out/>
  <testcase name="test3" time="0.002" classname="practice.GroupingOfTestcases"/>
  <system-out/>
  <testcase name="test4" time="0.002" classname="practice.GroupingOfTestcases"/>
  <system-out/>
</testsuite> <!-- practice.GroupingOfTestcases -->
