<?xml version="1.0" encoding="UTF-8"?>
<!-- Generated by org.testng.reporters.JUnitReportReporter -->
<testsuite skipped="0" hostname="B15-IT-C22642" name="com.intraloginTestCases.LoginToIntranet_TC_001" tests="1" failures="0" timestamp="2021-01-29T10:40:54 IST" time="5.763" errors="0">
  <testcase name="loginTointranet" time="5.763" classname="com.intraloginTestCases.LoginToIntranet_TC_001"/>
  <system-out/>
</testsuite> <!-- com.intraloginTestCases.LoginToIntranet_TC_001 -->
