<?xml version="1.0" encoding="UTF-8"?>
<!-- Generated by org.testng.reporters.JUnitReportReporter -->
<testsuite skipped="0" hostname="B15-IT-C22642" name="practice.parallelExecutionDemo" tests="6" failures="0" timestamp="2021-02-08T09:12:28 IST" time="0.041" errors="0">
  <testcase name="methodFour" time="0.014" classname="practice.parallelExecutionDemo"/>
  <system-out/>
  <testcase name="methodsix" time="0.005" classname="practice.parallelExecutionDemo"/>
  <system-out/>
  <testcase name="methodOne" time="0.003" classname="practice.parallelExecutionDemo"/>
  <system-out/>
  <testcase name="methodTwo" time="0.002" classname="practice.parallelExecutionDemo"/>
  <system-out/>
  <testcase name="methodThree" time="0.003" classname="practice.parallelExecutionDemo"/>
  <system-out/>
  <testcase name="methodFive" time="0.014" classname="practice.parallelExecutionDemo"/>
  <system-out/>
</testsuite> <!-- practice.parallelExecutionDemo -->
